[debug] [2025-01-28T19:28:45.159Z] ----------------------------------------------------------------------
[debug] [2025-01-28T19:28:45.163Z] Command:       /Users/aryaask/.nvm/versions/node/v20.0.0/bin/node /usr/local/bin/firebase deploy
[debug] [2025-01-28T19:28:45.163Z] CLI Version:   13.7.1
[debug] [2025-01-28T19:28:45.164Z] Platform:      darwin
[debug] [2025-01-28T19:28:45.164Z] Node Version:  v20.0.0
[debug] [2025-01-28T19:28:45.164Z] Time:          Tue Jan 28 2025 19:28:45 GMT+0000 (Greenwich Mean Time)
[debug] [2025-01-28T19:28:45.164Z] ----------------------------------------------------------------------
[debug] 
[debug] [2025-01-28T19:28:45.168Z] >>> [apiv2][query] GET https://firebase-public.firebaseio.com/cli.json [none]
[debug] [2025-01-28T19:28:45.337Z] > command requires scopes: ["email","openid","https://www.googleapis.com/auth/cloudplatformprojects.readonly","https://www.googleapis.com/auth/firebase","https://www.googleapis.com/auth/cloud-platform"]
[debug] [2025-01-28T19:28:45.337Z] > authorizing via signed-in user (aryaask.developer@outlook.com)
[debug] [2025-01-28T19:28:45.342Z] [iam] checking project matchit-514be for permissions ["firebase.projects.get","firebasehosting.sites.update"]
[debug] [2025-01-28T19:28:45.343Z] > refreshing access token with scopes: []
[debug] [2025-01-28T19:28:45.345Z] >>> [apiv2][query] POST https://www.googleapis.com/oauth2/v3/token [none]
[debug] [2025-01-28T19:28:45.345Z] >>> [apiv2][body] POST https://www.googleapis.com/oauth2/v3/token [omitted]
[debug] [2025-01-28T19:28:45.519Z] <<< [apiv2][status] POST https://www.googleapis.com/oauth2/v3/token 200
[debug] [2025-01-28T19:28:45.519Z] <<< [apiv2][body] POST https://www.googleapis.com/oauth2/v3/token [omitted]
[debug] [2025-01-28T19:28:45.563Z] >>> [apiv2][query] POST https://cloudresourcemanager.googleapis.com/v1/projects/matchit-514be:testIamPermissions [none]
[debug] [2025-01-28T19:28:45.563Z] >>> [apiv2][(partial)header] POST https://cloudresourcemanager.googleapis.com/v1/projects/matchit-514be:testIamPermissions x-goog-quota-user=projects/matchit-514be
[debug] [2025-01-28T19:28:45.563Z] >>> [apiv2][body] POST https://cloudresourcemanager.googleapis.com/v1/projects/matchit-514be:testIamPermissions {"permissions":["firebase.projects.get","firebasehosting.sites.update"]}
[debug] [2025-01-28T19:28:45.625Z] <<< [apiv2][status] GET https://firebase-public.firebaseio.com/cli.json 200
[debug] [2025-01-28T19:28:45.625Z] <<< [apiv2][body] GET https://firebase-public.firebaseio.com/cli.json {"cloudBuildErrorAfter":1594252800000,"cloudBuildWarnAfter":1590019200000,"defaultNode10After":1594252800000,"minVersion":"3.0.5","node8DeploysDisabledAfter":1613390400000,"node8RuntimeDisabledAfter":1615809600000,"node8WarnAfter":1600128000000}
[debug] [2025-01-28T19:28:46.386Z] <<< [apiv2][status] POST https://cloudresourcemanager.googleapis.com/v1/projects/matchit-514be:testIamPermissions 200
[debug] [2025-01-28T19:28:46.386Z] <<< [apiv2][body] POST https://cloudresourcemanager.googleapis.com/v1/projects/matchit-514be:testIamPermissions {"permissions":["firebase.projects.get","firebasehosting.sites.update"]}
[debug] [2025-01-28T19:28:46.387Z] >>> [apiv2][query] GET https://firebase.googleapis.com/v1beta1/projects/matchit-514be [none]
[debug] [2025-01-28T19:28:46.860Z] <<< [apiv2][status] GET https://firebase.googleapis.com/v1beta1/projects/matchit-514be 200
[debug] [2025-01-28T19:28:46.860Z] <<< [apiv2][body] GET https://firebase.googleapis.com/v1beta1/projects/matchit-514be {"projectId":"matchit-514be","projectNumber":"1048456375164","displayName":"MatchIt","name":"projects/matchit-514be","resources":{"hostingSite":"matchit-514be"},"state":"ACTIVE","etag":"1_6e80c234-101f-4c6d-9bb3-22ddbaaa7bf2"}
[info] 
[info] === Deploying to 'matchit-514be'...
[info] 
[info] i  deploying hosting 
[debug] [2025-01-28T19:28:46.866Z] >>> [apiv2][query] POST https://firebasehosting.googleapis.com/v1beta1/projects/-/sites/matchit-514be/versions [none]
[debug] [2025-01-28T19:28:46.866Z] >>> [apiv2][body] POST https://firebasehosting.googleapis.com/v1beta1/projects/-/sites/matchit-514be/versions {"status":"CREATED","labels":{"deployment-tool":"cli-firebase"}}
